<?xml version="1.0" encoding="UTF-8"?>
<testng-results skipped="0" failed="0" ignored="0" total="1" passed="1">
  <reporter-output>
    <line>
      <![CDATA[Google]]>
    </line>
    <line>
      <![CDATA[Maven executed]]>
    </line>
  </reporter-output>
  <suite name="Suite" duration-ms="6813" started-at="2018-03-29T03:59:56Z" finished-at="2018-03-29T04:00:03Z">
    <groups>
    </groups>
    <test name="Test" duration-ms="6813" started-at="2018-03-29T03:59:56Z" finished-at="2018-03-29T04:00:03Z">
      <class name="com.qa.jenk.Demo">
        <test-method status="PASS" signature="A()[pri:0, instance:com.qa.jenk.Demo@42d3bd8b]" name="A" duration-ms="6789" started-at="2018-03-29T03:59:56Z" finished-at="2018-03-29T04:00:03Z">
          <reporter-output>
            <line>
              <![CDATA[Google]]>
            </line>
            <line>
              <![CDATA[Maven executed]]>
            </line>
          </reporter-output>
        </test-method> <!-- A -->
      </class> <!-- com.qa.jenk.Demo -->
    </test> <!-- Test -->
  </suite> <!-- Suite -->
</testng-results>
