<?xml version="1.0" encoding="UTF-8"?>
<testng-results skipped="0" failed="0" ignored="0" total="1" passed="1">
  <reporter-output>
    <line>
      <![CDATA[Google]]>
    </line>
  </reporter-output>
  <suite name="Default suite" duration-ms="6388" started-at="2018-03-29T03:53:00Z" finished-at="2018-03-29T03:53:06Z">
    <groups>
    </groups>
    <test name="Default test" duration-ms="6388" started-at="2018-03-29T03:53:00Z" finished-at="2018-03-29T03:53:06Z">
      <class name="com.qa.jenk.Demo">
        <test-method status="PASS" signature="A()[pri:0, instance:com.qa.jenk.Demo@77f99a05]" name="A" duration-ms="6357" started-at="2018-03-29T03:53:00Z" finished-at="2018-03-29T03:53:06Z">
          <reporter-output>
            <line>
              <![CDATA[Google]]>
            </line>
          </reporter-output>
        </test-method> <!-- A -->
      </class> <!-- com.qa.jenk.Demo -->
    </test> <!-- Default test -->
  </suite> <!-- Default suite -->
</testng-results>
